0 info it worked if it ends with ok
1 verbose cli [ '/usr/local/Cellar/node/6.5.0/bin/node',
1 verbose cli   '/usr/local/bin/npm',
1 verbose cli   'start' ]
2 info using npm@3.10.3
3 info using node@v6.5.0
4 verbose run-script [ 'prestart', 'start', 'poststart' ]
5 info lifecycle angular-seed@0.0.0~prestart: angular-seed@0.0.0
6 verbose lifecycle angular-seed@0.0.0~prestart: unsafe-perm in lifecycle true
7 verbose lifecycle angular-seed@0.0.0~prestart: PATH: /usr/local/lib/node_modules/npm/bin/node-gyp-bin:/Users/dspano/Desktop/Hackathon/kitchenapp/node_modules/.bin:/usr/local/Cellar/node/6.5.0/bin:/usr/local/sdkman/candidates/gradle/current/bin:/Users/dspano/.rvm/gems/ruby-2.2.1/bin:/Users/dspano/.rvm/gems/ruby-2.2.1@global/bin:/Users/dspano/.rvm/rubies/ruby-2.2.1/bin:/usr/local/bin:/usr/bin:/bin:/usr/sbin:/sbin:/usr/local/go/bin:~/.bash_profile:/Users/dspano/developer/gocode/bin:/usr/local/mysql/bin:/Users/dspano/IT-Operations/Move-AWS-Tools/::/Users/dspano/.tilde/plugins/tilde-soundboard/bin:/Users/dspano/Listhub/lh_tools/aws:/Users/dspano/Listhub/lh_tools/chef:/Users/dspano/Listhub/lh_tools/docker:/Users/dspano/Listhub/lh_tools/git:/Users/dspano/Listhub/lh_tools/kubernetes:/Users/dspano/Listhub/lh_tools/vault:/Users/dspano/.rvm/bin
8 verbose lifecycle angular-seed@0.0.0~prestart: CWD: /Users/dspano/Desktop/Hackathon/kitchenapp
9 silly lifecycle angular-seed@0.0.0~prestart: Args: [ '-c', 'npm install' ]
10 silly lifecycle angular-seed@0.0.0~prestart: Returned: code: 0  signal: null
11 info lifecycle angular-seed@0.0.0~start: angular-seed@0.0.0
12 verbose lifecycle angular-seed@0.0.0~start: unsafe-perm in lifecycle true
13 verbose lifecycle angular-seed@0.0.0~start: PATH: /usr/local/lib/node_modules/npm/bin/node-gyp-bin:/Users/dspano/Desktop/Hackathon/kitchenapp/node_modules/.bin:/usr/local/Cellar/node/6.5.0/bin:/usr/local/sdkman/candidates/gradle/current/bin:/Users/dspano/.rvm/gems/ruby-2.2.1/bin:/Users/dspano/.rvm/gems/ruby-2.2.1@global/bin:/Users/dspano/.rvm/rubies/ruby-2.2.1/bin:/usr/local/bin:/usr/bin:/bin:/usr/sbin:/sbin:/usr/local/go/bin:~/.bash_profile:/Users/dspano/developer/gocode/bin:/usr/local/mysql/bin:/Users/dspano/IT-Operations/Move-AWS-Tools/::/Users/dspano/.tilde/plugins/tilde-soundboard/bin:/Users/dspano/Listhub/lh_tools/aws:/Users/dspano/Listhub/lh_tools/chef:/Users/dspano/Listhub/lh_tools/docker:/Users/dspano/Listhub/lh_tools/git:/Users/dspano/Listhub/lh_tools/kubernetes:/Users/dspano/Listhub/lh_tools/vault:/Users/dspano/.rvm/bin
14 verbose lifecycle angular-seed@0.0.0~start: CWD: /Users/dspano/Desktop/Hackathon/kitchenapp
15 silly lifecycle angular-seed@0.0.0~start: Args: [ '-c', 'http-server -a localhost -p 8000 -c-1 ./app' ]
16 silly lifecycle angular-seed@0.0.0~start: Returned: code: 1  signal: null
17 info lifecycle angular-seed@0.0.0~start: Failed to exec start script
18 verbose stack Error: angular-seed@0.0.0 start: `http-server -a localhost -p 8000 -c-1 ./app`
18 verbose stack Exit status 1
18 verbose stack     at EventEmitter.<anonymous> (/usr/local/lib/node_modules/npm/lib/utils/lifecycle.js:242:16)
18 verbose stack     at emitTwo (events.js:106:13)
18 verbose stack     at EventEmitter.emit (events.js:191:7)
18 verbose stack     at ChildProcess.<anonymous> (/usr/local/lib/node_modules/npm/lib/utils/spawn.js:40:14)
18 verbose stack     at emitTwo (events.js:106:13)
18 verbose stack     at ChildProcess.emit (events.js:191:7)
18 verbose stack     at maybeClose (internal/child_process.js:877:16)
18 verbose stack     at Process.ChildProcess._handle.onexit (internal/child_process.js:226:5)
19 verbose pkgid angular-seed@0.0.0
20 verbose cwd /Users/dspano/Desktop/Hackathon/kitchenapp
21 error Darwin 15.6.0
22 error argv "/usr/local/Cellar/node/6.5.0/bin/node" "/usr/local/bin/npm" "start"
23 error node v6.5.0
24 error npm  v3.10.3
25 error code ELIFECYCLE
26 error angular-seed@0.0.0 start: `http-server -a localhost -p 8000 -c-1 ./app`
26 error Exit status 1
27 error Failed at the angular-seed@0.0.0 start script 'http-server -a localhost -p 8000 -c-1 ./app'.
27 error Make sure you have the latest version of node.js and npm installed.
27 error If you do, this is most likely a problem with the angular-seed package,
27 error not with npm itself.
27 error Tell the author that this fails on your system:
27 error     http-server -a localhost -p 8000 -c-1 ./app
27 error You can get information on how to open an issue for this project with:
27 error     npm bugs angular-seed
27 error Or if that isn't available, you can get their info via:
27 error     npm owner ls angular-seed
27 error There is likely additional logging output above.
28 verbose exit [ 1, true ]
